<?xml version="1.0" encoding="UTF-8"?>
<!-- Generated by org.testng.reporters.JUnitReportReporter -->
<testsuite hostname="localhost.localdomain" name="com.test.AppTest" tests="1" failures="0" timestamp="31 May 2018 11:58:19 GMT" time="1.914" errors="0">
  <testcase name="testImageUpload" time="1.914" classname="com.test.AppTest"/>
</testsuite> <!-- com.test.AppTest -->
