<?xml version="1.0" encoding="UTF-8"?>
<!-- Generated by org.testng.reporters.JUnitReportReporter -->
<testsuite hostname="localhost" failures="0" tests="2" name="com.test.AppTest" time="3.311" errors="0" timestamp="31 May 2018 12:26:42 GMT">
  <testcase classname="com.test.AppTest" name="testImageUpload" time="1.148"/>
  <testcase classname="com.test.AppTest" name="TestLabel" time="2.163"/>
</testsuite> <!-- com.test.AppTest -->
